<?xml version="1.0" encoding="UTF-8"?>
<testng-results skipped="0" failed="1" ignored="0" total="1" passed="0">
  <reporter-output>
    <line>
      <![CDATA[this tis my test case for checking validation ]]>
    </line>
    <line>
      <![CDATA[opening chrome browser ]]>
    </line>
    <line>
      <![CDATA[saved current title value in varaible title ]]>
    </line>
    <line>
      <![CDATA[saved current url value in varaible url ]]>
    </line>
  </reporter-output>
  <suite name="Default suite" duration-ms="7968" started-at="2020-12-30T22:33:34Z" finished-at="2020-12-30T22:33:42Z">
    <groups>
    </groups>
    <test name="Default test" duration-ms="7968" started-at="2020-12-30T22:33:34Z" finished-at="2020-12-30T22:33:42Z">
      <class name="testNGscripts.softassertion">
        <test-method status="FAIL" signature="myvalidation()[pri:0, instance:testNGscripts.softassertion@4c70fda8]" name="myvalidation" duration-ms="7931" started-at="2020-12-30T22:33:35Z" finished-at="2020-12-30T22:33:42Z">
          <exception class="java.lang.AssertionError">
            <message>
              <![CDATA[The following asserts failed:
expectedtitle doesnt match actualtitle expected [Wikipedia123] but found [Wikipedia]]]>
            </message>
            <full-stacktrace>
              <![CDATA[java.lang.AssertionError: The following asserts failed:
expectedtitle doesnt match actualtitle expected [Wikipedia123] but found [Wikipedia]
at org.testng.asserts.SoftAssert.assertAll(SoftAssert.java:43)
at testNGscripts.softassertion.myvalidation(softassertion.java:52)
at sun.reflect.NativeMethodAccessorImpl.invoke0(Native Method)
at sun.reflect.NativeMethodAccessorImpl.invoke(Unknown Source)
at sun.reflect.DelegatingMethodAccessorImpl.invoke(Unknown Source)
at java.lang.reflect.Method.invoke(Unknown Source)
at org.testng.internal.MethodInvocationHelper.invokeMethod(MethodInvocationHelper.java:124)
at org.testng.internal.Invoker.invokeMethod(Invoker.java:583)
at org.testng.internal.Invoker.invokeTestMethod(Invoker.java:719)
at org.testng.internal.Invoker.invokeTestMethods(Invoker.java:989)
at org.testng.internal.TestMethodWorker.invokeTestMethods(TestMethodWorker.java:125)
at org.testng.internal.TestMethodWorker.run(TestMethodWorker.java:109)
at org.testng.TestRunner.privateRun(TestRunner.java:648)
at org.testng.TestRunner.run(TestRunner.java:505)
at org.testng.SuiteRunner.runTest(SuiteRunner.java:455)
at org.testng.SuiteRunner.runSequentially(SuiteRunner.java:450)
at org.testng.SuiteRunner.privateRun(SuiteRunner.java:415)
at org.testng.SuiteRunner.run(SuiteRunner.java:364)
at org.testng.SuiteRunnerWorker.runSuite(SuiteRunnerWorker.java:52)
at org.testng.SuiteRunnerWorker.run(SuiteRunnerWorker.java:84)
at org.testng.TestNG.runSuitesSequentially(TestNG.java:1208)
at org.testng.TestNG.runSuitesLocally(TestNG.java:1137)
at org.testng.TestNG.runSuites(TestNG.java:1049)
at org.testng.TestNG.run(TestNG.java:1017)
at org.testng.remote.AbstractRemoteTestNG.run(AbstractRemoteTestNG.java:114)
at org.testng.remote.RemoteTestNG.initAndRun(RemoteTestNG.java:251)
at org.testng.remote.RemoteTestNG.main(RemoteTestNG.java:77)
]]>
            </full-stacktrace>
          </exception> <!-- java.lang.AssertionError -->
          <reporter-output>
            <line>
              <![CDATA[this tis my test case for checking validation ]]>
            </line>
            <line>
              <![CDATA[opening chrome browser ]]>
            </line>
            <line>
              <![CDATA[saved current title value in varaible title ]]>
            </line>
            <line>
              <![CDATA[saved current url value in varaible url ]]>
            </line>
          </reporter-output>
        </test-method> <!-- myvalidation -->
      </class> <!-- testNGscripts.softassertion -->
    </test> <!-- Default test -->
  </suite> <!-- Default suite -->
</testng-results>
